[debug] [2021-03-31T22:25:18.399Z] ----------------------------------------------------------------------
[debug] [2021-03-31T22:25:18.402Z] Command:       C:\Program Files\nodejs\node.exe C:\Users\MD KHALID HOSSAIN\AppData\Roaming\npm\node_modules\firebase-tools\lib\bin\firebase.js init
[debug] [2021-03-31T22:25:18.402Z] CLI Version:   9.8.0
[debug] [2021-03-31T22:25:18.402Z] Platform:      win32
[debug] [2021-03-31T22:25:18.403Z] Node Version:  v15.12.0
[debug] [2021-03-31T22:25:18.403Z] Time:          Thu Apr 01 2021 06:25:18 GMT+0800 (China Standard Time)
[debug] [2021-03-31T22:25:18.403Z] ----------------------------------------------------------------------
[debug] 
[debug] [2021-03-31T22:25:18.410Z] > command requires scopes: ["email","openid","https://www.googleapis.com/auth/cloudplatformprojects.readonly","https://www.googleapis.com/auth/firebase","https://www.googleapis.com/auth/cloud-platform"]
[debug] [2021-03-31T22:25:18.411Z] > authorizing via signed-in user
[info] 
     ######## #### ########  ######## ########     ###     ######  ########
     ##        ##  ##     ## ##       ##     ##  ##   ##  ##       ##
     ######    ##  ########  ######   ########  #########  ######  ######
     ##        ##  ##    ##  ##       ##     ## ##     ##       ## ##
     ##       #### ##     ## ######## ########  ##     ##  ######  ########

You're about to initialize a Firebase project in this directory:

  F:\web-development\assignment-10\tabaw-cn-client

Before we get started, keep in mind:

  * You are initializing in an existing Firebase project directory

